********************************************************************************
product = WebSphere Application Server 20.0.0.11 (wlp-1.0.46.cl201120201014-1215)
wlp.install.dir = /Users/boilerupnc/Documents/roks/scripts/partyroks/github/java-liberty-web-app/target/liberty/wlp/
java.home = /Library/Java/JavaVirtualMachines/jdk1.8.0_251.jdk/Contents/Home/jre
java.version = 1.8.0_251
java.runtime = Java(TM) SE Runtime Environment (1.8.0_251-b08)
os = Mac OS X (10.14.6; x86_64) (en_US)
process = 45463@ibmcloudpaks
********************************************************************************
[11/6/20 15:08:23:926 EST] 00000001 com.ibm.ws.kernel.launch.internal.FrameworkManager           A CWWKE0001I: The server defaultServer has been launched.
[11/6/20 15:08:23:947 EST] 00000001 com.ibm.ws.kernel.launch.internal.FrameworkManager           A CWWKE0100I: This product is licensed for development, and limited production use. The full license terms can be viewed here: https://public.dhe.ibm.com/ibmdl/export/pub/software/websphere/wasdev/license/base_ilan/ilan/20.0.0.11/lafiles/en.html
[11/6/20 15:08:24:598 EST] 00000001 com.ibm.ws.kernel.launch.internal.FrameworkManager           I CWWKE0002I: The kernel started after 1.271 seconds
[11/6/20 15:08:24:662 EST] 00000028 com.ibm.ws.kernel.feature.internal.FeatureManager            I CWWKF0007I: Feature update started.
[11/6/20 15:08:25:078 EST] 0000001f com.ibm.ws.app.manager.internal.monitor.DropinMonitor        A CWWKZ0058I: Monitoring dropins for applications.
[11/6/20 15:08:25:304 EST] 00000030 com.ibm.ws.app.manager.AppMessageHelper                      I CWWKZ0018I: Starting application javalibertywebapp.
[11/6/20 15:08:25:305 EST] 00000030 bm.ws.app.manager.war.internal.WARDeployedAppInfoFactoryImpl I CWWKZ0133I: The javalibertywebapp application at the /Users/boilerupnc/Documents/roks/scripts/partyroks/github/java-liberty-web-app/target/liberty/wlp/usr/servers/defaultServer/apps/javalibertywebapp-1.0-SNAPSHOT.war location is being expanded to the /Users/boilerupnc/Documents/roks/scripts/partyroks/github/java-liberty-web-app/target/liberty/wlp/usr/servers/defaultServer/apps/expanded/javalibertywebapp.war directory.
[11/6/20 15:08:25:547 EST] 00000030 com.ibm.ws.session.WASSessionCore                            I SESN8501I: The session manager did not find a persistent storage location; HttpSession objects will be stored in the local application server's memory.
[11/6/20 15:08:25:555 EST] 00000030 com.ibm.ws.webcontainer.osgi.webapp.WebGroup                 I SRVE0169I: Loading Web Module: javalibertywebapp-1.0-SNAPSHOT.
[11/6/20 15:08:25:556 EST] 00000030 com.ibm.ws.webcontainer                                      I SRVE0250I: Web Module javalibertywebapp-1.0-SNAPSHOT has been bound to default_host.
[11/6/20 15:08:25:557 EST] 00000030 com.ibm.ws.http.internal.VirtualHostImpl                     A CWWKT0016I: Web application available (default_host): http://ibmcloudpaks:9080/
[11/6/20 15:08:25:591 EST] 00000034 com.ibm.ws.session.WASSessionCore                            I SESN0176I: A new session context will be created for application key default_host/
[11/6/20 15:08:25:599 EST] 00000034 com.ibm.ws.util                                              I SESN0172I: The session manager is using the Java default SecureRandom implementation for session ID generation.
[11/6/20 15:08:25:625 EST] 00000034 com.ibm.ws.app.manager.AppMessageHelper                      A CWWKZ0001I: Application javalibertywebapp started in 0.321 seconds.
[11/6/20 15:08:25:668 EST] 00000028 com.ibm.ws.tcpchannel.internal.TCPPort                       I CWWKO0219I: TCP Channel defaultHttpEndpoint has been started and is now listening for requests on host *  (IPv6) port 9080.
[11/6/20 15:08:25:683 EST] 00000028 com.ibm.ws.kernel.feature.internal.FeatureManager            A CWWKF0012I: The server installed the following features: [jaxrs-2.0, jaxrsClient-2.0, json-1.0, servlet-3.1].
[11/6/20 15:08:25:684 EST] 00000028 com.ibm.ws.kernel.feature.internal.FeatureManager            I CWWKF0008I: Feature update completed in 1.088 seconds.
[11/6/20 15:08:25:684 EST] 00000028 com.ibm.ws.kernel.feature.internal.FeatureManager            A CWWKF0011I: The defaultServer server is ready to run a smarter planet. The defaultServer server started in 2.358 seconds.
[11/6/20 15:08:25:768 EST] 00000035 com.ibm.ws.webcontainer.osgi.mbeans.PluginGenerator          I SRVE9103I: A configuration file for a web server plugin was automatically generated for this server at /Users/boilerupnc/Documents/roks/scripts/partyroks/github/java-liberty-web-app/target/liberty/wlp/usr/servers/defaultServer/logs/state/plugin-cfg.xml.
[11/6/20 15:08:26:674 EST] 00000042 com.ibm.ws.webcontainer.servlet                              I SRVE0242I: [javalibertywebapp] [/] [application.HealthEndpoint]: Initialization successful.
[11/6/20 15:08:27:091 EST] 00000019 com.ibm.ws.kernel.launch.internal.ServerCommandListener      A CWWKE0055I: Server shutdown requested on Friday, November 6, 2020 at 3:08 PM. The server defaultServer is shutting down.
[11/6/20 15:08:27:094 EST] 00000049 com.ibm.ws.runtime.update.internal.RuntimeUpdateManagerImpl  A CWWKE1100I: Waiting for up to 30 seconds for the server to quiesce.
[11/6/20 15:08:27:097 EST] 0000004a com.ibm.ws.tcpchannel.internal.TCPChannel                    I CWWKO0220I: TCP Channel defaultHttpEndpoint has stopped listening for requests on host *  (IPv6) port 9080.
[11/6/20 15:08:27:097 EST] 0000004a com.ibm.ws.http.internal.VirtualHostImpl                     A CWWKT0017I: Web application removed (default_host): http://ibmcloudpaks:9080/
[11/6/20 15:08:27:099 EST] 00000049 com.ibm.ws.runtime.update.internal.RuntimeUpdateManagerImpl  I CWWKE1101I: Server quiesce complete.
[11/6/20 15:08:27:107 EST] 00000029 com.ibm.ws.webcontainer.servlet                              I SRVE0253I: [javalibertywebapp] [/] [application.HealthEndpoint]: Destroy successful.
[11/6/20 15:08:27:115 EST] 00000029 com.ibm.ws.app.manager.AppMessageHelper                      A CWWKZ0009I: The application javalibertywebapp has stopped successfully.
[11/6/20 15:08:27:256 EST] 00000001 com.ibm.ws.kernel.launch.internal.FrameworkManager           A CWWKE0036I: The server defaultServer stopped after 3.93 seconds.
